{"level":"error","message":"Cannot read properties of undefined (reading 'use')","timestamp":"2025-04-12T20:04:55.588Z"}
{"level":"error","message":"TypeError: Cannot read properties of undefined (reading 'use')\n    at App.middleware (/Users/admin/LEARN_MATHS/backend/src/App.js:32:18)\n    at App.start (/Users/admin/LEARN_MATHS/backend/src/App.js:19:10)\n    at /Users/admin/LEARN_MATHS/backend/src/server.js:28:15\n    at Object.<anonymous> (/Users/admin/LEARN_MATHS/backend/src/server.js:53:3)\n    at Module._compile (node:internal/modules/cjs/loader:1375:14)\n    at Module._extensions..js (node:internal/modules/cjs/loader:1434:10)\n    at Module.load (node:internal/modules/cjs/loader:1206:32)\n    at Module._load (node:internal/modules/cjs/loader:1022:12)\n    at Function.executeUserEntryPoint [as runMain] (node:internal/modules/run_main:142:12)\n    at node:internal/main/run_main_module:28:49","timestamp":"2025-04-12T20:04:55.614Z"}
{"level":"error","message":"TypeError","timestamp":"2025-04-12T20:04:55.618Z"}
{"level":"error","message":"Cannot read properties of undefined (reading 'use')","timestamp":"2025-04-12T20:08:03.775Z"}
{"level":"error","message":"TypeError: Cannot read properties of undefined (reading 'use')\n    at App.middleware (/Users/admin/LEARN_MATHS/backend/src/App.js:33:18)\n    at App.start (/Users/admin/LEARN_MATHS/backend/src/App.js:19:10)\n    at /Users/admin/LEARN_MATHS/backend/src/server.js:28:15\n    at Object.<anonymous> (/Users/admin/LEARN_MATHS/backend/src/server.js:53:3)\n    at Module._compile (node:internal/modules/cjs/loader:1375:14)\n    at Module._extensions..js (node:internal/modules/cjs/loader:1434:10)\n    at Module.load (node:internal/modules/cjs/loader:1206:32)\n    at Module._load (node:internal/modules/cjs/loader:1022:12)\n    at Function.executeUserEntryPoint [as runMain] (node:internal/modules/run_main:142:12)\n    at node:internal/main/run_main_module:28:49","timestamp":"2025-04-12T20:08:03.783Z"}
{"level":"error","message":"TypeError","timestamp":"2025-04-12T20:08:03.784Z"}
{"level":"error","message":"Cannot read properties of undefined (reading 'use')","timestamp":"2025-04-12T20:09:32.495Z"}
{"level":"error","message":"TypeError: Cannot read properties of undefined (reading 'use')\n    at App.middleware (/Users/admin/LEARN_MATHS/backend/src/App.js:34:18)\n    at App.start (/Users/admin/LEARN_MATHS/backend/src/App.js:19:10)\n    at /Users/admin/LEARN_MATHS/backend/src/server.js:28:15\n    at Object.<anonymous> (/Users/admin/LEARN_MATHS/backend/src/server.js:53:3)\n    at Module._compile (node:internal/modules/cjs/loader:1375:14)\n    at Module._extensions..js (node:internal/modules/cjs/loader:1434:10)\n    at Module.load (node:internal/modules/cjs/loader:1206:32)\n    at Module._load (node:internal/modules/cjs/loader:1022:12)\n    at Function.executeUserEntryPoint [as runMain] (node:internal/modules/run_main:142:12)\n    at node:internal/main/run_main_module:28:49","timestamp":"2025-04-12T20:09:32.500Z"}
{"level":"error","message":"TypeError","timestamp":"2025-04-12T20:09:32.500Z"}
{"level":"error","message":"Cannot read properties of undefined (reading 'use')","timestamp":"2025-04-12T20:10:11.521Z"}
{"level":"error","message":"TypeError: Cannot read properties of undefined (reading 'use')\n    at App.middleware (/Users/admin/LEARN_MATHS/backend/src/App.js:34:18)\n    at App.start (/Users/admin/LEARN_MATHS/backend/src/App.js:19:10)\n    at /Users/admin/LEARN_MATHS/backend/src/server.js:28:15\n    at Object.<anonymous> (/Users/admin/LEARN_MATHS/backend/src/server.js:53:3)\n    at Module._compile (node:internal/modules/cjs/loader:1375:14)\n    at Module._extensions..js (node:internal/modules/cjs/loader:1434:10)\n    at Module.load (node:internal/modules/cjs/loader:1206:32)\n    at Module._load (node:internal/modules/cjs/loader:1022:12)\n    at Function.executeUserEntryPoint [as runMain] (node:internal/modules/run_main:142:12)\n    at node:internal/main/run_main_module:28:49","timestamp":"2025-04-12T20:10:11.539Z"}
{"level":"error","message":"TypeError","timestamp":"2025-04-12T20:10:11.540Z"}
{"level":"error","message":"Cannot read properties of undefined (reading 'use')","timestamp":"2025-04-12T20:11:53.809Z"}
{"level":"error","message":"TypeError: Cannot read properties of undefined (reading 'use')\n    at App.middleware (/Users/admin/LEARN_MATHS/backend/src/App.js:34:18)\n    at App.start (/Users/admin/LEARN_MATHS/backend/src/App.js:19:10)\n    at /Users/admin/LEARN_MATHS/backend/src/server.js:28:15\n    at Object.<anonymous> (/Users/admin/LEARN_MATHS/backend/src/server.js:53:3)\n    at Module._compile (node:internal/modules/cjs/loader:1375:14)\n    at Module._extensions..js (node:internal/modules/cjs/loader:1434:10)\n    at Module.load (node:internal/modules/cjs/loader:1206:32)\n    at Module._load (node:internal/modules/cjs/loader:1022:12)\n    at Function.executeUserEntryPoint [as runMain] (node:internal/modules/run_main:142:12)\n    at node:internal/main/run_main_module:28:49","timestamp":"2025-04-12T20:11:53.813Z"}
{"level":"error","message":"TypeError","timestamp":"2025-04-12T20:11:53.814Z"}
{"level":"error","message":"Cannot read properties of undefined (reading 'use')","timestamp":"2025-04-12T20:12:12.092Z"}
{"level":"error","message":"TypeError: Cannot read properties of undefined (reading 'use')\n    at App.middleware (/Users/admin/LEARN_MATHS/backend/src/App.js:34:18)\n    at App.start (/Users/admin/LEARN_MATHS/backend/src/App.js:19:10)\n    at /Users/admin/LEARN_MATHS/backend/src/server.js:28:15\n    at Object.<anonymous> (/Users/admin/LEARN_MATHS/backend/src/server.js:53:3)\n    at Module._compile (node:internal/modules/cjs/loader:1375:14)\n    at Module._extensions..js (node:internal/modules/cjs/loader:1434:10)\n    at Module.load (node:internal/modules/cjs/loader:1206:32)\n    at Module._load (node:internal/modules/cjs/loader:1022:12)\n    at Function.executeUserEntryPoint [as runMain] (node:internal/modules/run_main:142:12)\n    at node:internal/main/run_main_module:28:49","timestamp":"2025-04-12T20:12:12.095Z"}
{"level":"error","message":"TypeError","timestamp":"2025-04-12T20:12:12.096Z"}
{"level":"error","message":"Cannot read properties of undefined (reading 'use')","timestamp":"2025-04-12T20:18:22.278Z"}
{"level":"error","message":"TypeError: Cannot read properties of undefined (reading 'use')\n    at App.middleware (/Users/admin/LEARN_MATHS/backend/src/App.js:34:18)\n    at App.start (/Users/admin/LEARN_MATHS/backend/src/App.js:19:10)\n    at /Users/admin/LEARN_MATHS/backend/src/server.js:28:15\n    at Object.<anonymous> (/Users/admin/LEARN_MATHS/backend/src/server.js:53:3)\n    at Module._compile (node:internal/modules/cjs/loader:1375:14)\n    at Module._extensions..js (node:internal/modules/cjs/loader:1434:10)\n    at Module.load (node:internal/modules/cjs/loader:1206:32)\n    at Module._load (node:internal/modules/cjs/loader:1022:12)\n    at Function.executeUserEntryPoint [as runMain] (node:internal/modules/run_main:142:12)\n    at node:internal/main/run_main_module:28:49","timestamp":"2025-04-12T20:18:22.283Z"}
{"level":"error","message":"TypeError","timestamp":"2025-04-12T20:18:22.284Z"}
{"level":"error","message":"Cannot read properties of undefined (reading 'use')","timestamp":"2025-04-12T20:18:30.172Z"}
{"level":"error","message":"TypeError: Cannot read properties of undefined (reading 'use')\n    at App.middleware (/Users/admin/LEARN_MATHS/backend/src/App.js:34:18)\n    at App.start (/Users/admin/LEARN_MATHS/backend/src/App.js:19:10)\n    at /Users/admin/LEARN_MATHS/backend/src/server.js:27:15\n    at Object.<anonymous> (/Users/admin/LEARN_MATHS/backend/src/server.js:52:3)\n    at Module._compile (node:internal/modules/cjs/loader:1375:14)\n    at Module._extensions..js (node:internal/modules/cjs/loader:1434:10)\n    at Module.load (node:internal/modules/cjs/loader:1206:32)\n    at Module._load (node:internal/modules/cjs/loader:1022:12)\n    at Function.executeUserEntryPoint [as runMain] (node:internal/modules/run_main:142:12)\n    at node:internal/main/run_main_module:28:49","timestamp":"2025-04-12T20:18:30.176Z"}
{"level":"error","message":"TypeError","timestamp":"2025-04-12T20:18:30.176Z"}
{"level":"error","message":"swaggerSpec is not defined","timestamp":"2025-04-12T20:19:55.807Z"}
{"level":"error","message":"ReferenceError: swaggerSpec is not defined\n    at App.setupSwaggerDocs (/Users/admin/LEARN_MATHS/backend/src/App.js:53:60)\n    at App.start (/Users/admin/LEARN_MATHS/backend/src/App.js:21:10)\n    at /Users/admin/LEARN_MATHS/backend/src/server.js:27:15\n    at Object.<anonymous> (/Users/admin/LEARN_MATHS/backend/src/server.js:52:3)\n    at Module._compile (node:internal/modules/cjs/loader:1375:14)\n    at Module._extensions..js (node:internal/modules/cjs/loader:1434:10)\n    at Module.load (node:internal/modules/cjs/loader:1206:32)\n    at Module._load (node:internal/modules/cjs/loader:1022:12)\n    at Function.executeUserEntryPoint [as runMain] (node:internal/modules/run_main:142:12)\n    at node:internal/main/run_main_module:28:49","timestamp":"2025-04-12T20:19:55.811Z"}
{"level":"error","message":"ReferenceError","timestamp":"2025-04-12T20:19:55.812Z"}
{"level":"error","message":"swaggerSpec is not defined","timestamp":"2025-04-12T20:19:57.662Z"}
{"level":"error","message":"ReferenceError: swaggerSpec is not defined\n    at App.setupSwaggerDocs (/Users/admin/LEARN_MATHS/backend/src/App.js:53:60)\n    at App.start (/Users/admin/LEARN_MATHS/backend/src/App.js:21:10)\n    at /Users/admin/LEARN_MATHS/backend/src/server.js:27:15\n    at Object.<anonymous> (/Users/admin/LEARN_MATHS/backend/src/server.js:52:3)\n    at Module._compile (node:internal/modules/cjs/loader:1375:14)\n    at Module._extensions..js (node:internal/modules/cjs/loader:1434:10)\n    at Module.load (node:internal/modules/cjs/loader:1206:32)\n    at Module._load (node:internal/modules/cjs/loader:1022:12)\n    at Function.executeUserEntryPoint [as runMain] (node:internal/modules/run_main:142:12)\n    at node:internal/main/run_main_module:28:49","timestamp":"2025-04-12T20:19:57.667Z"}
{"level":"error","message":"ReferenceError","timestamp":"2025-04-12T20:19:57.668Z"}
{"level":"error","message":"swaggerSpec is not defined","timestamp":"2025-04-12T20:21:15.149Z"}
{"level":"error","message":"ReferenceError: swaggerSpec is not defined\n    at App.setupSwaggerDocs (/Users/admin/LEARN_MATHS/backend/src/App.js:53:60)\n    at App.start (/Users/admin/LEARN_MATHS/backend/src/App.js:21:10)\n    at /Users/admin/LEARN_MATHS/backend/src/server.js:27:15\n    at Object.<anonymous> (/Users/admin/LEARN_MATHS/backend/src/server.js:52:3)\n    at Module._compile (node:internal/modules/cjs/loader:1375:14)\n    at Module._extensions..js (node:internal/modules/cjs/loader:1434:10)\n    at Module.load (node:internal/modules/cjs/loader:1206:32)\n    at Module._load (node:internal/modules/cjs/loader:1022:12)\n    at Function.executeUserEntryPoint [as runMain] (node:internal/modules/run_main:142:12)\n    at node:internal/main/run_main_module:28:49","timestamp":"2025-04-12T20:21:15.153Z"}
{"level":"error","message":"ReferenceError","timestamp":"2025-04-12T20:21:15.154Z"}
{"level":"error","message":"swaggerSpec is not defined","timestamp":"2025-04-12T20:21:16.913Z"}
{"level":"error","message":"ReferenceError: swaggerSpec is not defined\n    at App.setupSwaggerDocs (/Users/admin/LEARN_MATHS/backend/src/App.js:53:60)\n    at App.start (/Users/admin/LEARN_MATHS/backend/src/App.js:21:10)\n    at /Users/admin/LEARN_MATHS/backend/src/server.js:27:15\n    at Object.<anonymous> (/Users/admin/LEARN_MATHS/backend/src/server.js:52:3)\n    at Module._compile (node:internal/modules/cjs/loader:1375:14)\n    at Module._extensions..js (node:internal/modules/cjs/loader:1434:10)\n    at Module.load (node:internal/modules/cjs/loader:1206:32)\n    at Module._load (node:internal/modules/cjs/loader:1022:12)\n    at Function.executeUserEntryPoint [as runMain] (node:internal/modules/run_main:142:12)\n    at node:internal/main/run_main_module:28:49","timestamp":"2025-04-12T20:21:16.918Z"}
{"level":"error","message":"ReferenceError","timestamp":"2025-04-12T20:21:16.918Z"}
{"level":"error","message":"swaggerSpec is not defined","timestamp":"2025-04-12T20:21:25.474Z"}
{"level":"error","message":"ReferenceError: swaggerSpec is not defined\n    at App.setupSwaggerDocs (/Users/admin/LEARN_MATHS/backend/src/App.js:53:60)\n    at App.start (/Users/admin/LEARN_MATHS/backend/src/App.js:21:10)\n    at /Users/admin/LEARN_MATHS/backend/src/server.js:27:15\n    at Object.<anonymous> (/Users/admin/LEARN_MATHS/backend/src/server.js:52:3)\n    at Module._compile (node:internal/modules/cjs/loader:1375:14)\n    at Module._extensions..js (node:internal/modules/cjs/loader:1434:10)\n    at Module.load (node:internal/modules/cjs/loader:1206:32)\n    at Module._load (node:internal/modules/cjs/loader:1022:12)\n    at Function.executeUserEntryPoint [as runMain] (node:internal/modules/run_main:142:12)\n    at node:internal/main/run_main_module:28:49","timestamp":"2025-04-12T20:21:25.479Z"}
{"level":"error","message":"ReferenceError","timestamp":"2025-04-12T20:21:25.480Z"}
{"level":"error","message":"swaggerSpec is not defined","timestamp":"2025-04-12T20:34:57.496Z"}
{"level":"error","message":"ReferenceError: swaggerSpec is not defined\n    at App.setupSwaggerDocs (/Users/admin/LEARN_MATHS/backend/src/App.js:53:60)\n    at App.start (/Users/admin/LEARN_MATHS/backend/src/App.js:21:10)\n    at /Users/admin/LEARN_MATHS/backend/src/server.js:27:15\n    at Object.<anonymous> (/Users/admin/LEARN_MATHS/backend/src/server.js:52:3)\n    at Module._compile (node:internal/modules/cjs/loader:1375:14)\n    at Module._extensions..js (node:internal/modules/cjs/loader:1434:10)\n    at Module.load (node:internal/modules/cjs/loader:1206:32)\n    at Module._load (node:internal/modules/cjs/loader:1022:12)\n    at Function.executeUserEntryPoint [as runMain] (node:internal/modules/run_main:142:12)\n    at node:internal/main/run_main_module:28:49","timestamp":"2025-04-12T20:34:57.500Z"}
{"level":"error","message":"ReferenceError","timestamp":"2025-04-12T20:34:57.500Z"}
{"level":"error","message":"swaggerSpec is not defined","timestamp":"2025-04-12T20:35:01.011Z"}
{"level":"error","message":"ReferenceError: swaggerSpec is not defined\n    at App.setupSwaggerDocs (/Users/admin/LEARN_MATHS/backend/src/App.js:53:60)\n    at App.start (/Users/admin/LEARN_MATHS/backend/src/App.js:21:10)\n    at /Users/admin/LEARN_MATHS/backend/src/server.js:27:15\n    at Object.<anonymous> (/Users/admin/LEARN_MATHS/backend/src/server.js:52:3)\n    at Module._compile (node:internal/modules/cjs/loader:1375:14)\n    at Module._extensions..js (node:internal/modules/cjs/loader:1434:10)\n    at Module.load (node:internal/modules/cjs/loader:1206:32)\n    at Module._load (node:internal/modules/cjs/loader:1022:12)\n    at Function.executeUserEntryPoint [as runMain] (node:internal/modules/run_main:142:12)\n    at node:internal/main/run_main_module:28:49","timestamp":"2025-04-12T20:35:01.021Z"}
{"level":"error","message":"ReferenceError","timestamp":"2025-04-12T20:35:01.022Z"}
{"level":"error","message":"swaggerSpec is not defined","timestamp":"2025-04-12T20:35:05.782Z"}
{"level":"error","message":"ReferenceError: swaggerSpec is not defined\n    at App.setupSwaggerDocs (/Users/admin/LEARN_MATHS/backend/src/App.js:53:60)\n    at App.start (/Users/admin/LEARN_MATHS/backend/src/App.js:21:10)\n    at /Users/admin/LEARN_MATHS/backend/src/server.js:27:15\n    at Object.<anonymous> (/Users/admin/LEARN_MATHS/backend/src/server.js:52:3)\n    at Module._compile (node:internal/modules/cjs/loader:1375:14)\n    at Module._extensions..js (node:internal/modules/cjs/loader:1434:10)\n    at Module.load (node:internal/modules/cjs/loader:1206:32)\n    at Module._load (node:internal/modules/cjs/loader:1022:12)\n    at Function.executeUserEntryPoint [as runMain] (node:internal/modules/run_main:142:12)\n    at node:internal/main/run_main_module:28:49","timestamp":"2025-04-12T20:35:05.815Z"}
{"level":"error","message":"ReferenceError","timestamp":"2025-04-12T20:35:05.816Z"}
{"level":"error","message":"swaggerSpec is not defined","timestamp":"2025-04-12T20:35:08.644Z"}
{"level":"error","message":"ReferenceError: swaggerSpec is not defined\n    at App.setupSwaggerDocs (/Users/admin/LEARN_MATHS/backend/src/App.js:53:60)\n    at App.start (/Users/admin/LEARN_MATHS/backend/src/App.js:21:10)\n    at /Users/admin/LEARN_MATHS/backend/src/server.js:27:15\n    at Object.<anonymous> (/Users/admin/LEARN_MATHS/backend/src/server.js:52:3)\n    at Module._compile (node:internal/modules/cjs/loader:1375:14)\n    at Module._extensions..js (node:internal/modules/cjs/loader:1434:10)\n    at Module.load (node:internal/modules/cjs/loader:1206:32)\n    at Module._load (node:internal/modules/cjs/loader:1022:12)\n    at Function.executeUserEntryPoint [as runMain] (node:internal/modules/run_main:142:12)\n    at node:internal/main/run_main_module:28:49","timestamp":"2025-04-12T20:35:08.647Z"}
{"level":"error","message":"ReferenceError","timestamp":"2025-04-12T20:35:08.648Z"}
{"level":"error","message":"swaggerSpec is not defined","timestamp":"2025-04-12T20:35:10.709Z"}
{"level":"error","message":"ReferenceError: swaggerSpec is not defined\n    at App.setupSwaggerDocs (/Users/admin/LEARN_MATHS/backend/src/App.js:53:60)\n    at App.start (/Users/admin/LEARN_MATHS/backend/src/App.js:21:10)\n    at /Users/admin/LEARN_MATHS/backend/src/server.js:27:15\n    at Object.<anonymous> (/Users/admin/LEARN_MATHS/backend/src/server.js:52:3)\n    at Module._compile (node:internal/modules/cjs/loader:1375:14)\n    at Module._extensions..js (node:internal/modules/cjs/loader:1434:10)\n    at Module.load (node:internal/modules/cjs/loader:1206:32)\n    at Module._load (node:internal/modules/cjs/loader:1022:12)\n    at Function.executeUserEntryPoint [as runMain] (node:internal/modules/run_main:142:12)\n    at node:internal/main/run_main_module:28:49","timestamp":"2025-04-12T20:35:10.713Z"}
{"level":"error","message":"ReferenceError","timestamp":"2025-04-12T20:35:10.713Z"}
{"level":"info","message":"Swagger is running on http://localhost:5000/docs","timestamp":"2025-04-12T20:41:13.177Z"}
{"level":"info","message":"Server listening on http://localhost:5000","timestamp":"2025-04-12T20:41:13.186Z"}
{"level":"info","message":"Swagger is running on http://localhost:5000/docs","timestamp":"2025-04-12T20:41:22.078Z"}
{"level":"info","message":"Server listening on http://localhost:5000","timestamp":"2025-04-12T20:41:22.088Z"}
{"level":"info","message":"Swagger is running on http://localhost:5000/docs","timestamp":"2025-04-13T12:07:55.935Z"}
{"level":"info","message":"Server listening on http://localhost:5000","timestamp":"2025-04-13T12:07:55.942Z"}
{"level":"info","message":"Swagger is running on http://localhost:5000/docs","timestamp":"2025-04-13T17:06:49.231Z"}
{"level":"info","message":"Server listening on http://localhost:5000","timestamp":"2025-04-13T17:06:49.237Z"}
{"level":"info","message":"Swagger is running on http://localhost:5000/docs","timestamp":"2025-04-13T17:09:04.872Z"}
{"level":"info","message":"Server listening on http://localhost:5000","timestamp":"2025-04-13T17:09:04.892Z"}
{"level":"info","message":"Swagger is running on http://localhost:5000/docs","timestamp":"2025-04-13T17:09:09.874Z"}
{"level":"info","message":"Server listening on http://localhost:5000","timestamp":"2025-04-13T17:09:09.903Z"}
{"level":"info","message":"Swagger is running on http://localhost:5000/docs","timestamp":"2025-04-13T17:09:45.720Z"}
{"level":"info","message":"Server listening on http://localhost:5000","timestamp":"2025-04-13T17:09:45.727Z"}
{"level":"info","message":"Swagger is running on http://localhost:5000/docs","timestamp":"2025-04-13T17:13:16.319Z"}
{"level":"info","message":"Server listening on http://localhost:5000","timestamp":"2025-04-13T17:13:16.344Z"}
{"level":"info","message":"Swagger is running on http://localhost:5000/docs","timestamp":"2025-04-13T17:13:18.763Z"}
{"level":"info","message":"Server listening on http://localhost:5000","timestamp":"2025-04-13T17:13:18.772Z"}
{"level":"info","message":"Swagger is running on http://localhost:5000/docs","timestamp":"2025-04-13T17:16:09.862Z"}
{"level":"info","message":"Server listening on http://localhost:5000","timestamp":"2025-04-13T17:16:09.870Z"}
{"level":"info","message":"Swagger is running on http://localhost:5000/docs","timestamp":"2025-04-13T17:16:18.096Z"}
{"level":"info","message":"Server listening on http://localhost:5000","timestamp":"2025-04-13T17:16:18.119Z"}
{"level":"info","message":"Swagger is running on http://localhost:5000/docs","timestamp":"2025-04-13T17:16:59.278Z"}
{"level":"info","message":"Server listening on http://localhost:5000","timestamp":"2025-04-13T17:16:59.337Z"}
{"level":"info","message":"Swagger is running on http://localhost:5000/docs","timestamp":"2025-04-13T17:17:46.153Z"}
{"level":"info","message":"Server listening on http://localhost:5000","timestamp":"2025-04-13T17:17:46.163Z"}
{"level":"info","message":"Swagger is running on http://localhost:5000/docs","timestamp":"2025-04-13T17:17:48.777Z"}
{"level":"info","message":"Server listening on http://localhost:5000","timestamp":"2025-04-13T17:17:48.787Z"}
{"level":"info","message":"Swagger is running on http://localhost:5000/docs","timestamp":"2025-04-13T17:19:16.412Z"}
{"level":"info","message":"Server listening on http://localhost:5000","timestamp":"2025-04-13T17:19:16.442Z"}
{"level":"info","message":"Swagger is running on http://localhost:5000/docs","timestamp":"2025-04-13T17:19:17.641Z"}
{"level":"info","message":"Server listening on http://localhost:5000","timestamp":"2025-04-13T17:19:17.655Z"}
{"level":"info","message":"Swagger is running on http://localhost:5000/docs","timestamp":"2025-04-13T17:19:18.895Z"}
{"level":"info","message":"Server listening on http://localhost:5000","timestamp":"2025-04-13T17:19:18.902Z"}
{"level":"info","message":"Swagger is running on http://localhost:5000/docs","timestamp":"2025-04-13T17:19:22.712Z"}
{"level":"info","message":"Server listening on http://localhost:5000","timestamp":"2025-04-13T17:19:22.719Z"}
{"level":"info","message":"Swagger is running on http://localhost:5000/docs","timestamp":"2025-04-13T17:19:25.644Z"}
{"level":"info","message":"Server listening on http://localhost:5000","timestamp":"2025-04-13T17:19:25.677Z"}
{"level":"info","message":"Swagger is running on http://localhost:5000/docs","timestamp":"2025-04-13T17:19:27.201Z"}
{"level":"info","message":"Server listening on http://localhost:5000","timestamp":"2025-04-13T17:19:27.210Z"}
{"level":"info","message":"Swagger is running on http://localhost:5000/docs","timestamp":"2025-04-13T17:19:29.141Z"}
{"level":"info","message":"Server listening on http://localhost:5000","timestamp":"2025-04-13T17:19:29.296Z"}
{"level":"info","message":"Swagger is running on http://localhost:5000/docs","timestamp":"2025-04-13T17:19:30.447Z"}
{"level":"info","message":"Server listening on http://localhost:5000","timestamp":"2025-04-13T17:19:30.455Z"}
{"level":"info","message":"Swagger is running on http://localhost:5000/docs","timestamp":"2025-04-13T17:20:12.053Z"}
{"level":"info","message":"Server listening on http://localhost:5000","timestamp":"2025-04-13T17:20:12.060Z"}
{"level":"info","message":"Swagger is running on http://localhost:5000/docs","timestamp":"2025-04-13T17:26:46.279Z"}
{"level":"info","message":"Server listening on http://localhost:5000","timestamp":"2025-04-13T17:26:46.289Z"}
{"level":"info","message":"Swagger is running on http://localhost:5000/docs","timestamp":"2025-04-13T17:26:47.889Z"}
{"level":"info","message":"Server listening on http://localhost:5000","timestamp":"2025-04-13T17:26:47.898Z"}
{"level":"info","message":"Swagger is running on http://localhost:5000/docs","timestamp":"2025-04-13T17:27:23.991Z"}
{"level":"info","message":"Server listening on http://localhost:5000","timestamp":"2025-04-13T17:27:23.999Z"}
{"level":"info","message":"Swagger is running on http://localhost:5000/docs","timestamp":"2025-04-13T17:27:28.659Z"}
{"level":"info","message":"Server listening on http://localhost:5000","timestamp":"2025-04-13T17:27:28.669Z"}
{"level":"info","message":"Swagger is running on http://localhost:5000/docs","timestamp":"2025-04-13T17:27:36.002Z"}
{"level":"info","message":"Server listening on http://localhost:5000","timestamp":"2025-04-13T17:27:36.012Z"}
{"level":"info","message":"Swagger is running on http://localhost:5000/docs","timestamp":"2025-04-13T17:27:43.898Z"}
{"level":"info","message":"Server listening on http://localhost:5000","timestamp":"2025-04-13T17:27:43.908Z"}
{"level":"info","message":"Swagger is running on http://localhost:5000/docs","timestamp":"2025-04-13T17:27:47.242Z"}
{"level":"info","message":"Server listening on http://localhost:5000","timestamp":"2025-04-13T17:27:47.250Z"}
{"level":"info","message":"Swagger is running on http://localhost:5000/docs","timestamp":"2025-04-13T17:30:14.748Z"}
{"level":"info","message":"Server listening on http://localhost:5000","timestamp":"2025-04-13T17:30:14.843Z"}
{"level":"info","message":"Swagger is running on http://localhost:5000/docs","timestamp":"2025-04-13T17:33:52.639Z"}
{"level":"info","message":"Server listening on http://localhost:5000","timestamp":"2025-04-13T17:33:52.783Z"}
{"level":"info","message":"Swagger is running on http://localhost:5000/docs","timestamp":"2025-04-13T17:33:54.440Z"}
{"level":"info","message":"Server listening on http://localhost:5000","timestamp":"2025-04-13T17:33:54.453Z"}
{"level":"info","message":"Swagger is running on http://localhost:5000/docs","timestamp":"2025-04-13T17:41:02.375Z"}
{"level":"info","message":"Server listening on http://localhost:5000","timestamp":"2025-04-13T17:41:02.383Z"}
{"level":"info","message":"Swagger is running on http://localhost:5000/docs","timestamp":"2025-04-13T17:58:25.440Z"}
{"level":"info","message":"Server listening on http://localhost:5000","timestamp":"2025-04-13T17:58:25.447Z"}
{"level":"info","message":"Swagger is running on http://localhost:5000/docs","timestamp":"2025-04-13T17:58:30.985Z"}
{"level":"info","message":"Server listening on http://localhost:5000","timestamp":"2025-04-13T17:58:30.997Z"}
{"level":"info","message":"Swagger is running on http://localhost:5000/docs","timestamp":"2025-04-13T18:00:00.369Z"}
{"level":"info","message":"Server listening on http://localhost:5000","timestamp":"2025-04-13T18:00:00.382Z"}
{"level":"info","message":"Swagger is running on http://localhost:5000/docs","timestamp":"2025-04-13T18:03:10.495Z"}
{"level":"info","message":"Server listening on http://localhost:5000","timestamp":"2025-04-13T18:03:10.504Z"}
{"level":"info","message":"Swagger is running on http://localhost:5000/docs","timestamp":"2025-04-13T18:03:12.117Z"}
{"level":"info","message":"Server listening on http://localhost:5000","timestamp":"2025-04-13T18:03:12.124Z"}
{"level":"info","message":"Swagger is running on http://localhost:5000/docs","timestamp":"2025-04-13T18:03:42.271Z"}
{"level":"info","message":"Server listening on http://localhost:5000","timestamp":"2025-04-13T18:03:42.279Z"}
{"level":"info","message":"Swagger is running on http://localhost:5000/docs","timestamp":"2025-04-13T18:03:50.863Z"}
{"level":"info","message":"Server listening on http://localhost:5000","timestamp":"2025-04-13T18:03:50.896Z"}
{"level":"info","message":"Swagger is running on http://localhost:5000/docs","timestamp":"2025-04-13T18:04:02.222Z"}
{"level":"info","message":"Server listening on http://localhost:5000","timestamp":"2025-04-13T18:04:02.229Z"}
{"level":"info","message":"Swagger is running on http://localhost:5000/docs","timestamp":"2025-04-13T18:05:59.846Z"}
{"level":"info","message":"Server listening on http://localhost:5000","timestamp":"2025-04-13T18:05:59.860Z"}
{"level":"info","message":"Swagger is running on http://localhost:5000/docs","timestamp":"2025-04-13T18:06:11.712Z"}
{"level":"info","message":"Server listening on http://localhost:5000","timestamp":"2025-04-13T18:06:11.724Z"}
{"level":"info","message":"Swagger is running on http://localhost:5000/docs","timestamp":"2025-04-13T18:06:53.270Z"}
{"level":"info","message":"Server listening on http://localhost:5000","timestamp":"2025-04-13T18:06:53.286Z"}
{"level":"info","message":"Swagger is running on http://localhost:5000/docs","timestamp":"2025-04-13T18:06:54.668Z"}
{"level":"info","message":"Server listening on http://localhost:5000","timestamp":"2025-04-13T18:06:54.675Z"}
{"level":"info","message":"Swagger is running on http://localhost:5000/docs","timestamp":"2025-04-13T18:16:32.453Z"}
{"level":"info","message":"Server listening on http://localhost:5000","timestamp":"2025-04-13T18:16:32.533Z"}
{"level":"info","message":"Swagger is running on http://localhost:5000/docs","timestamp":"2025-04-13T18:16:35.822Z"}
{"level":"info","message":"Server listening on http://localhost:5000","timestamp":"2025-04-13T18:16:35.836Z"}
{"level":"info","message":"Swagger is running on http://localhost:5000/docs","timestamp":"2025-04-13T18:24:52.428Z"}
{"level":"info","message":"Server listening on http://localhost:5000","timestamp":"2025-04-13T18:24:52.455Z"}
{"level":"info","message":"Swagger is running on http://localhost:5000/docs","timestamp":"2025-04-13T18:24:53.892Z"}
{"level":"info","message":"Server listening on http://localhost:5000","timestamp":"2025-04-13T18:24:53.900Z"}
{"level":"info","message":"Swagger is running on http://localhost:5000/docs","timestamp":"2025-04-13T18:24:57.149Z"}
{"level":"info","message":"Server listening on http://localhost:5000","timestamp":"2025-04-13T18:24:57.158Z"}
{"level":"info","message":"Swagger is running on http://localhost:5000/docs","timestamp":"2025-04-13T18:25:06.095Z"}
{"level":"info","message":"Server listening on http://localhost:5000","timestamp":"2025-04-13T18:25:06.102Z"}
{"level":"info","message":"Swagger is running on http://localhost:5000/docs","timestamp":"2025-04-13T18:27:38.867Z"}
{"level":"info","message":"Server listening on http://localhost:5000","timestamp":"2025-04-13T18:27:38.875Z"}
{"level":"info","message":"Swagger is running on http://localhost:5000/docs","timestamp":"2025-04-13T18:28:40.684Z"}
{"level":"info","message":"Server listening on http://localhost:5000","timestamp":"2025-04-13T18:28:40.700Z"}
{"level":"info","message":"Swagger is running on http://localhost:5000/docs","timestamp":"2025-04-13T18:29:25.896Z"}
{"level":"info","message":"Server listening on http://localhost:5000","timestamp":"2025-04-13T18:29:25.903Z"}
{"level":"info","message":"Swagger is running on http://localhost:5000/docs","timestamp":"2025-04-13T18:29:28.017Z"}
{"level":"info","message":"Server listening on http://localhost:5000","timestamp":"2025-04-13T18:29:28.026Z"}
{"level":"info","message":"Swagger is running on http://localhost:5000/docs","timestamp":"2025-04-13T18:29:36.637Z"}
{"level":"info","message":"Server listening on http://localhost:5000","timestamp":"2025-04-13T18:29:36.651Z"}
{"level":"info","message":"Swagger is running on http://localhost:5000/docs","timestamp":"2025-04-13T19:57:42.410Z"}
{"level":"info","message":"Server listening on http://localhost:5000","timestamp":"2025-04-13T19:57:42.417Z"}
{"level":"info","message":"Swagger is running on http://localhost:5000/docs","timestamp":"2025-04-13T19:57:43.924Z"}
{"level":"info","message":"Server listening on http://localhost:5000","timestamp":"2025-04-13T19:57:43.935Z"}
{"level":"info","message":"Swagger is running on http://localhost:5000/docs","timestamp":"2025-04-13T19:58:42.081Z"}
{"level":"info","message":"Server listening on http://localhost:5000","timestamp":"2025-04-13T19:58:42.088Z"}
{"level":"info","message":"Swagger is running on http://localhost:5000/docs","timestamp":"2025-04-13T19:58:43.959Z"}
{"level":"info","message":"Server listening on http://localhost:5000","timestamp":"2025-04-13T19:58:43.978Z"}
{"level":"info","message":"Swagger is running on http://localhost:5000/docs","timestamp":"2025-04-13T20:11:41.468Z"}
{"level":"info","message":"Server listening on http://localhost:5000","timestamp":"2025-04-13T20:11:41.475Z"}
{"level":"info","message":"Server listening on http://localhost:5000","timestamp":"2025-04-13T20:12:09.277Z"}
{"level":"info","message":"Server listening on http://localhost:5000","timestamp":"2025-04-13T20:12:21.399Z"}
{"level":"info","message":"Server listening on http://localhost:5000","timestamp":"2025-04-13T20:12:25.727Z"}
{"level":"info","message":"Swagger is running on http://localhost:5000/docs","timestamp":"2025-04-13T20:13:27.237Z"}
{"level":"info","message":"Server listening on http://localhost:5000","timestamp":"2025-04-13T20:13:27.244Z"}
{"level":"info","message":"Swagger is running on http://localhost:5000/docs","timestamp":"2025-04-13T20:13:28.108Z"}
{"level":"info","message":"Server listening on http://localhost:5000","timestamp":"2025-04-13T20:13:28.130Z"}
{"level":"info","message":"Swagger is running on http://localhost:5000/docs","timestamp":"2025-04-13T20:13:42.190Z"}
{"level":"info","message":"Server listening on http://localhost:5000","timestamp":"2025-04-13T20:13:42.197Z"}
{"level":"info","message":"Swagger is running on http://localhost:5000/docs","timestamp":"2025-04-13T20:13:46.195Z"}
{"level":"info","message":"Server listening on http://localhost:5000","timestamp":"2025-04-13T20:13:46.203Z"}
{"level":"info","message":"Swagger is running on http://localhost:5000/docs","timestamp":"2025-04-13T20:13:48.125Z"}
{"level":"info","message":"Server listening on http://localhost:5000","timestamp":"2025-04-13T20:13:48.132Z"}
{"level":"info","message":"Swagger is running on http://localhost:5000/docs","timestamp":"2025-04-13T20:13:55.346Z"}
{"level":"info","message":"Server listening on http://localhost:5000","timestamp":"2025-04-13T20:13:55.355Z"}
{"level":"info","message":"Server listening on http://localhost:5000","timestamp":"2025-04-13T20:14:01.601Z"}
{"level":"info","message":"Server listening on http://localhost:5000","timestamp":"2025-04-13T20:14:11.905Z"}
{"level":"info","message":"Server listening on http://localhost:5000","timestamp":"2025-04-13T20:14:14.446Z"}
{"level":"info","message":"Server listening on http://localhost:5000","timestamp":"2025-04-13T20:14:15.703Z"}
{"level":"info","message":"Server listening on http://localhost:5000","timestamp":"2025-04-13T20:14:21.968Z"}
{"level":"info","message":"Server listening on http://localhost:5000","timestamp":"2025-04-13T20:14:29.500Z"}
{"level":"info","message":"Server listening on http://localhost:5000","timestamp":"2025-04-13T20:14:35.304Z"}
{"level":"info","message":"Server listening on http://localhost:5000","timestamp":"2025-04-13T20:15:07.679Z"}
{"level":"info","message":"Server listening on http://localhost:5000","timestamp":"2025-04-13T20:15:14.558Z"}
{"level":"info","message":"Server listening on http://localhost:5000","timestamp":"2025-04-13T20:36:21.699Z"}
{"level":"info","message":"Server listening on http://localhost:5000","timestamp":"2025-04-13T20:36:59.462Z"}
{"level":"info","message":"Server listening on http://localhost:5000","timestamp":"2025-04-13T20:37:03.484Z"}
{"level":"info","message":"Server listening on http://localhost:5000","timestamp":"2025-04-13T23:48:18.804Z"}
{"level":"info","message":"Server listening on http://localhost:5000","timestamp":"2025-04-14T00:12:44.288Z"}
{"level":"info","message":"Server listening on http://localhost:5000","timestamp":"2025-04-14T00:13:06.001Z"}
{"level":"info","message":"Server listening on http://localhost:5000","timestamp":"2025-04-14T00:14:53.760Z"}
{"level":"info","message":"Server listening on http://localhost:5000","timestamp":"2025-04-14T00:14:55.218Z"}
{"level":"info","message":"Server listening on http://localhost:5000","timestamp":"2025-04-14T00:15:09.058Z"}
{"level":"info","message":"Server listening on http://localhost:5000","timestamp":"2025-04-14T00:15:34.699Z"}
{"level":"info","message":"Server listening on http://localhost:5000","timestamp":"2025-04-14T00:15:35.749Z"}
{"level":"info","message":"Server listening on http://localhost:5000","timestamp":"2025-04-14T00:15:38.392Z"}
{"level":"info","message":"Server listening on http://localhost:5000","timestamp":"2025-04-14T00:56:30.479Z"}
{"level":"info","message":"Server listening on http://localhost:5000","timestamp":"2025-04-14T00:58:44.821Z"}
{"level":"info","message":"Server listening on http://localhost:5000","timestamp":"2025-04-14T00:59:47.321Z"}
{"level":"info","message":"Server listening on http://localhost:5000","timestamp":"2025-04-14T00:59:51.211Z"}
{"level":"info","message":"Server listening on http://localhost:5000","timestamp":"2025-04-14T00:59:54.007Z"}
{"level":"info","message":"Server listening on http://localhost:5000","timestamp":"2025-04-14T01:03:13.243Z"}
{"level":"info","message":"Server listening on http://localhost:5000","timestamp":"2025-04-14T01:03:16.906Z"}
{"level":"info","message":"Server listening on http://localhost:5000","timestamp":"2025-04-14T01:03:23.366Z"}
{"level":"info","message":"Server listening on http://localhost:5000","timestamp":"2025-04-14T01:03:24.730Z"}
{"level":"info","message":"Server listening on http://localhost:5000","timestamp":"2025-04-14T01:03:30.785Z"}
{"level":"info","message":"Server listening on http://localhost:5000","timestamp":"2025-04-14T01:03:34.013Z"}
{"level":"info","message":"Server listening on http://localhost:5000","timestamp":"2025-04-14T01:03:36.680Z"}
{"level":"info","message":"Server listening on http://localhost:5000","timestamp":"2025-04-14T01:03:40.216Z"}
{"level":"info","message":"Server listening on http://localhost:5000","timestamp":"2025-04-14T01:03:49.751Z"}
{"level":"info","message":"Server listening on http://localhost:5000","timestamp":"2025-04-14T01:03:55.796Z"}
{"level":"info","message":"Server listening on http://localhost:5000","timestamp":"2025-04-14T01:03:59.497Z"}
{"level":"info","message":"Server listening on http://localhost:5000","timestamp":"2025-04-14T01:04:01.340Z"}
{"level":"info","message":"Server listening on http://localhost:5000","timestamp":"2025-04-14T01:04:03.401Z"}
{"level":"info","message":"Server listening on http://localhost:5000","timestamp":"2025-04-14T01:04:07.516Z"}
{"level":"info","message":"Server listening on http://localhost:5000","timestamp":"2025-04-14T01:04:13.400Z"}
{"level":"info","message":"Server listening on http://localhost:5000","timestamp":"2025-04-14T01:04:17.390Z"}
{"level":"info","message":"Server listening on http://localhost:5000","timestamp":"2025-04-14T01:04:19.497Z"}
{"level":"info","message":"Server listening on http://localhost:5000","timestamp":"2025-04-14T01:04:27.341Z"}
{"level":"info","message":"Server listening on http://localhost:5000","timestamp":"2025-04-14T01:04:31.866Z"}
{"level":"info","message":"Server listening on http://localhost:5000","timestamp":"2025-04-14T01:04:32.920Z"}
{"level":"info","message":"Server listening on http://localhost:5000","timestamp":"2025-04-14T01:04:34.323Z"}
{"level":"info","message":"Server listening on http://localhost:5000","timestamp":"2025-04-14T01:04:37.924Z"}
{"level":"info","message":"Server listening on http://localhost:5000","timestamp":"2025-04-14T01:04:41.551Z"}
{"level":"info","message":"Server listening on http://localhost:5000","timestamp":"2025-04-14T01:04:43.322Z"}
{"level":"info","message":"Server listening on http://localhost:5000","timestamp":"2025-04-14T01:04:45.271Z"}
{"level":"info","message":"Server listening on http://localhost:5000","timestamp":"2025-04-14T01:04:56.806Z"}
{"level":"info","message":"Server listening on http://localhost:5000","timestamp":"2025-04-14T01:05:02.226Z"}
{"level":"info","message":"Server listening on http://localhost:5000","timestamp":"2025-04-14T01:10:46.225Z"}
{"level":"info","message":"Server listening on http://localhost:5000","timestamp":"2025-04-14T01:10:50.483Z"}
{"level":"info","message":"Server listening on http://localhost:5000","timestamp":"2025-04-14T01:10:56.235Z"}
{"level":"info","message":"Server listening on http://localhost:5000","timestamp":"2025-04-14T01:11:03.876Z"}
{"level":"info","message":"Server listening on http://localhost:5000","timestamp":"2025-04-14T01:14:39.725Z"}
{"level":"info","message":"Server listening on http://localhost:5000","timestamp":"2025-04-14T01:14:40.667Z"}
{"level":"info","message":"Server listening on http://localhost:5000","timestamp":"2025-04-14T01:14:53.244Z"}
{"level":"info","message":"Server listening on http://localhost:5000","timestamp":"2025-04-14T01:14:56.364Z"}
{"level":"info","message":"Server listening on http://localhost:5000","timestamp":"2025-04-14T01:19:19.066Z"}
{"level":"info","message":"Server listening on http://localhost:5000","timestamp":"2025-04-14T01:19:21.501Z"}
{"level":"info","message":"Server listening on http://localhost:5000","timestamp":"2025-04-14T01:19:29.761Z"}
{"level":"info","message":"Server listening on http://localhost:5000","timestamp":"2025-04-14T01:19:40.314Z"}
{"level":"info","message":"Server listening on http://localhost:5000","timestamp":"2025-04-14T01:22:25.306Z"}
{"level":"info","message":"Server listening on http://localhost:5000","timestamp":"2025-04-14T01:25:40.415Z"}
{"level":"info","message":"Server listening on http://localhost:5000","timestamp":"2025-04-14T01:25:47.742Z"}
{"level":"info","message":"Server listening on http://localhost:5000","timestamp":"2025-04-14T01:25:51.337Z"}
{"level":"info","message":"Server listening on http://localhost:5000","timestamp":"2025-04-14T01:25:55.305Z"}
{"level":"info","message":"Server listening on http://localhost:5000","timestamp":"2025-04-14T01:26:01.165Z"}
{"level":"info","message":"Server listening on http://localhost:5000","timestamp":"2025-04-14T01:26:02.526Z"}
{"level":"info","message":"Server listening on http://localhost:5000","timestamp":"2025-04-14T01:26:04.785Z"}
{"level":"info","message":"Server listening on http://localhost:5000","timestamp":"2025-04-14T01:26:07.191Z"}
{"level":"info","message":"Server listening on http://localhost:5000","timestamp":"2025-04-14T01:26:09.381Z"}
{"level":"info","message":"Server listening on http://localhost:5000","timestamp":"2025-04-14T01:26:11.040Z"}
{"level":"info","message":"Server listening on http://localhost:5000","timestamp":"2025-04-14T01:26:14.004Z"}
{"level":"info","message":"Server listening on http://localhost:5000","timestamp":"2025-04-14T01:26:22.869Z"}
{"level":"info","message":"Server listening on http://localhost:5000","timestamp":"2025-04-14T01:26:24.842Z"}
{"level":"info","message":"Server listening on http://localhost:5000","timestamp":"2025-04-14T01:26:26.762Z"}
{"level":"info","message":"Server listening on http://localhost:5000","timestamp":"2025-04-14T01:26:31.043Z"}
{"level":"info","message":"Server listening on http://localhost:5000","timestamp":"2025-04-14T01:26:41.693Z"}
{"level":"info","message":"Server listening on http://localhost:5000","timestamp":"2025-04-14T01:27:23.057Z"}
{"level":"info","message":"Server listening on http://localhost:5000","timestamp":"2025-04-14T01:27:33.315Z"}
{"level":"info","message":"Server listening on http://localhost:5000","timestamp":"2025-04-14T01:27:45.095Z"}
{"level":"info","message":"Server listening on http://localhost:5000","timestamp":"2025-04-14T01:27:47.621Z"}
{"level":"info","message":"Server listening on http://localhost:5000","timestamp":"2025-04-14T01:27:49.403Z"}
{"level":"info","message":"Server listening on http://localhost:5000","timestamp":"2025-04-14T01:27:51.438Z"}
{"level":"info","message":"Server listening on http://localhost:5000","timestamp":"2025-04-14T01:27:52.798Z"}
{"level":"info","message":"Server listening on http://localhost:5000","timestamp":"2025-04-14T01:27:55.490Z"}
{"level":"info","message":"Server listening on http://localhost:5000","timestamp":"2025-04-14T01:28:30.532Z"}
{"level":"info","message":"Server listening on http://localhost:5000","timestamp":"2025-04-14T01:28:38.043Z"}
{"level":"info","message":"Server listening on http://localhost:5000","timestamp":"2025-04-14T01:28:38.932Z"}
{"level":"info","message":"Server listening on http://localhost:5000","timestamp":"2025-04-14T01:28:43.664Z"}
{"level":"info","message":"Server listening on http://localhost:5000","timestamp":"2025-04-14T01:29:01.895Z"}
{"level":"info","message":"Server listening on http://localhost:5000","timestamp":"2025-04-14T01:33:45.610Z"}
{"level":"info","message":"Server listening on http://localhost:5000","timestamp":"2025-04-14T01:33:46.949Z"}
{"level":"info","message":"Server listening on http://localhost:5000","timestamp":"2025-04-14T01:34:01.548Z"}
{"level":"info","message":"Server listening on http://localhost:5000","timestamp":"2025-04-14T01:34:13.123Z"}
{"level":"info","message":"Server listening on http://localhost:5000","timestamp":"2025-04-14T01:34:14.634Z"}
{"level":"info","message":"Server listening on http://localhost:5000","timestamp":"2025-04-14T01:34:55.267Z"}
{"level":"info","message":"Server listening on http://localhost:5000","timestamp":"2025-04-14T01:34:58.660Z"}
{"level":"info","message":"Server listening on http://localhost:5000","timestamp":"2025-04-14T01:35:24.504Z"}
{"level":"info","message":"Server listening on http://localhost:5000","timestamp":"2025-04-14T01:35:28.509Z"}
{"level":"info","message":"Server listening on http://localhost:5000","timestamp":"2025-04-14T01:35:31.749Z"}
{"level":"info","message":"Server listening on http://localhost:5000","timestamp":"2025-04-14T01:35:40.648Z"}
{"level":"info","message":"Server listening on http://localhost:5000","timestamp":"2025-04-14T01:35:43.003Z"}
{"level":"info","message":"Server listening on http://localhost:5000","timestamp":"2025-04-14T01:35:45.798Z"}
{"level":"info","message":"Server listening on http://localhost:5000","timestamp":"2025-04-14T01:35:49.329Z"}
{"level":"info","message":"Server listening on http://localhost:5000","timestamp":"2025-04-14T01:37:16.619Z"}
{"level":"info","message":"Server listening on http://localhost:5000","timestamp":"2025-04-14T01:37:55.689Z"}
{"level":"info","message":"Server listening on http://localhost:5000","timestamp":"2025-04-14T01:38:01.223Z"}
{"level":"info","message":"Server listening on http://localhost:5000","timestamp":"2025-04-14T01:38:04.613Z"}
{"level":"info","message":"Server listening on http://localhost:5000","timestamp":"2025-04-14T01:38:06.749Z"}
{"level":"info","message":"Server listening on http://localhost:5000","timestamp":"2025-04-14T01:38:07.700Z"}
{"level":"info","message":"Server listening on http://localhost:5000","timestamp":"2025-04-14T01:38:10.596Z"}
{"level":"info","message":"Server listening on http://localhost:5000","timestamp":"2025-04-14T01:38:11.852Z"}
{"level":"info","message":"Server listening on http://localhost:5000","timestamp":"2025-04-14T01:38:18.387Z"}
{"level":"info","message":"Server listening on http://localhost:5000","timestamp":"2025-04-14T01:38:19.864Z"}
{"level":"info","message":"Server listening on http://localhost:5000","timestamp":"2025-04-14T01:38:22.050Z"}
{"level":"info","message":"Server listening on http://localhost:5000","timestamp":"2025-04-14T01:38:25.687Z"}
{"level":"info","message":"Server listening on http://localhost:5000","timestamp":"2025-04-14T01:38:27.589Z"}
{"level":"info","message":"Server listening on http://localhost:5000","timestamp":"2025-04-14T01:38:29.114Z"}
{"level":"info","message":"Server listening on http://localhost:5000","timestamp":"2025-04-14T01:38:33.297Z"}
{"level":"info","message":"Server listening on http://localhost:5000","timestamp":"2025-04-14T02:33:17.042Z"}
{"level":"info","message":"Server listening on http://localhost:5000","timestamp":"2025-04-14T02:34:00.230Z"}
{"level":"info","message":"Server listening on http://localhost:5000","timestamp":"2025-04-14T02:34:01.470Z"}
{"level":"info","message":"Server listening on http://localhost:5000","timestamp":"2025-04-14T02:34:31.948Z"}
{"level":"info","message":"Server listening on http://localhost:undefined","timestamp":"2025-04-14T02:36:00.488Z"}
{"level":"info","message":"Server listening on http://localhost:undefined","timestamp":"2025-04-14T02:36:03.288Z"}
{"level":"info","message":"Server listening on http://localhost:undefined","timestamp":"2025-04-14T02:36:20.022Z"}
{"level":"info","message":"Server listening on http://localhost:undefined","timestamp":"2025-04-14T02:36:21.521Z"}
{"level":"info","message":"Server listening on http://localhost:undefined","timestamp":"2025-04-14T02:36:27.183Z"}
{"level":"info","message":"Server listening on http://localhost:undefined","timestamp":"2025-04-14T02:37:00.243Z"}
{"level":"info","message":"Server listening on http://localhost:undefined","timestamp":"2025-04-14T02:37:37.052Z"}
{"level":"info","message":"Server listening on http://localhost:undefined","timestamp":"2025-04-14T02:37:43.655Z"}
{"level":"info","message":"Server listening on http://localhost:undefined","timestamp":"2025-04-14T02:37:47.246Z"}
{"level":"info","message":"Server listening on http://localhost:undefined","timestamp":"2025-04-14T02:37:52.054Z"}
{"level":"info","message":"Server listening on http://localhost:undefined","timestamp":"2025-04-14T02:38:33.467Z"}
{"level":"info","message":"Server listening on http://localhost:undefined","timestamp":"2025-04-14T02:38:35.317Z"}
{"level":"info","message":"Server listening on http://localhost:undefined","timestamp":"2025-04-14T02:46:31.444Z"}
{"level":"info","message":"Server listening on http://localhost:undefined","timestamp":"2025-04-14T02:46:33.286Z"}
{"level":"info","message":"Server listening on http://localhost:undefined","timestamp":"2025-04-14T02:46:41.677Z"}
{"level":"info","message":"Server listening on http://localhost:undefined","timestamp":"2025-04-14T02:46:47.895Z"}
{"level":"info","message":"Server listening on http://localhost:undefined","timestamp":"2025-04-14T02:47:17.084Z"}
{"level":"info","message":"Server listening on http://localhost:undefined","timestamp":"2025-04-14T02:48:26.577Z"}
{"level":"info","message":"Server listening on http://localhost:undefined","timestamp":"2025-04-14T02:48:32.353Z"}
{"level":"info","message":"Server listening on http://localhost:undefined","timestamp":"2025-04-14T02:48:38.696Z"}
{"level":"info","message":"Server listening on http://localhost:undefined","timestamp":"2025-04-14T08:35:13.153Z"}
{"level":"info","message":"Server listening on http://localhost:undefined","timestamp":"2025-04-14T08:35:29.290Z"}
{"level":"info","message":"Server listening on http://localhost:5000","timestamp":"2025-04-14T08:37:03.471Z"}
{"level":"info","message":"Server listening on http://localhost:5000","timestamp":"2025-04-14T08:37:07.286Z"}
{"level":"info","message":"Server listening on http://localhost:5000","timestamp":"2025-04-14T08:41:12.510Z"}
{"level":"info","message":"Server listening on http://localhost:5000","timestamp":"2025-04-14T08:41:14.829Z"}
{"level":"info","message":"Server listening on http://localhost:5000","timestamp":"2025-04-14T08:51:14.134Z"}
{"level":"info","message":"Server listening on http://localhost:5000","timestamp":"2025-04-14T08:51:16.970Z"}
{"level":"info","message":"Server listening on http://localhost:5000","timestamp":"2025-04-14T09:04:50.803Z"}
{"level":"info","message":"Server listening on http://localhost:5000","timestamp":"2025-04-14T09:04:54.154Z"}
{"level":"info","message":"Server listening on http://localhost:5000","timestamp":"2025-04-14T09:05:02.305Z"}
{"level":"info","message":"Server listening on http://localhost:5000","timestamp":"2025-04-14T09:05:07.068Z"}
{"level":"info","message":"Server listening on http://localhost:5000","timestamp":"2025-04-14T09:05:34.797Z"}
{"level":"info","message":"Server listening on http://localhost:5000","timestamp":"2025-04-14T09:08:01.067Z"}
{"level":"info","message":"Server listening on http://localhost:5000","timestamp":"2025-04-14T09:13:03.344Z"}
{"level":"info","message":"Server listening on http://localhost:5000","timestamp":"2025-04-14T09:14:35.691Z"}
{"level":"info","message":"Server listening on http://localhost:5000","timestamp":"2025-04-14T09:15:39.933Z"}
{"level":"info","message":"Server listening on http://localhost:5000","timestamp":"2025-04-14T09:15:44.537Z"}
{"level":"info","message":"Server listening on http://localhost:5000","timestamp":"2025-04-14T09:16:36.860Z"}
{"level":"info","message":"Server listening on http://localhost:5000","timestamp":"2025-04-14T09:18:09.737Z"}
{"level":"info","message":"Server listening on http://localhost:5000","timestamp":"2025-04-14T09:18:13.815Z"}
{"level":"info","message":"Server listening on http://localhost:5000","timestamp":"2025-04-14T09:19:04.067Z"}
{"level":"info","message":"Server listening on http://localhost:5000","timestamp":"2025-04-14T09:19:17.700Z"}
{"level":"info","message":"Server listening on http://localhost:5000","timestamp":"2025-04-14T09:23:15.668Z"}
{"level":"info","message":"Server listening on http://localhost:5000","timestamp":"2025-04-14T09:23:19.171Z"}
{"level":"info","message":"Server listening on http://localhost:5000","timestamp":"2025-04-14T09:24:04.428Z"}
{"level":"info","message":"Server listening on http://localhost:5000","timestamp":"2025-04-14T09:24:08.884Z"}
{"level":"info","message":"Server listening on http://localhost:5000","timestamp":"2025-04-14T09:24:40.563Z"}
{"level":"info","message":"Server listening on http://localhost:5000","timestamp":"2025-04-14T09:24:42.372Z"}
{"level":"info","message":"Server listening on http://localhost:5000","timestamp":"2025-04-14T09:25:57.296Z"}
{"level":"info","message":"Server listening on http://localhost:5000","timestamp":"2025-04-14T09:40:04.528Z"}
{"level":"info","message":"Server listening on http://localhost:5000","timestamp":"2025-04-14T09:56:28.499Z"}
{"level":"info","message":"Server listening on http://localhost:5000","timestamp":"2025-04-14T09:56:31.284Z"}
{"level":"info","message":"Server listening on http://localhost:5000","timestamp":"2025-04-14T09:57:01.069Z"}
{"level":"info","message":"Server listening on http://localhost:5000","timestamp":"2025-04-14T09:57:02.586Z"}
{"level":"info","message":"Server listening on http://localhost:5000","timestamp":"2025-04-14T09:57:31.867Z"}
{"level":"info","message":"Server listening on http://localhost:5000","timestamp":"2025-04-14T09:58:45.746Z"}
{"level":"info","message":"Server listening on http://localhost:5000","timestamp":"2025-04-14T10:00:01.338Z"}
{"level":"info","message":"Server listening on http://localhost:5000","timestamp":"2025-04-14T10:02:52.466Z"}
{"level":"info","message":"Server listening on http://localhost:5000","timestamp":"2025-04-14T10:03:06.766Z"}
{"level":"info","message":"Server listening on http://localhost:5000","timestamp":"2025-04-14T10:03:07.677Z"}
{"level":"info","message":"Server listening on http://localhost:5000","timestamp":"2025-04-14T10:06:39.423Z"}
{"level":"info","message":"Server listening on http://localhost:5000","timestamp":"2025-04-14T10:10:09.162Z"}
{"level":"info","message":"Server listening on http://localhost:5000","timestamp":"2025-04-14T10:10:10.071Z"}
{"level":"info","message":"Server listening on http://localhost:5000","timestamp":"2025-04-14T10:10:14.483Z"}
{"level":"info","message":"Server listening on http://localhost:5000","timestamp":"2025-04-14T11:38:56.017Z"}
{"level":"info","message":"Server listening on http://localhost:5000","timestamp":"2025-04-14T11:38:57.261Z"}
{"level":"info","message":"Server listening on http://localhost:5000","timestamp":"2025-04-14T11:39:04.041Z"}
{"level":"info","message":"Server listening on http://localhost:5000","timestamp":"2025-04-14T11:40:05.499Z"}
{"level":"info","message":"Server listening on http://localhost:5000","timestamp":"2025-04-14T11:40:28.379Z"}
{"level":"info","message":"Server listening on http://localhost:5000","timestamp":"2025-04-14T11:40:34.415Z"}
{"level":"info","message":"Server listening on http://localhost:5000","timestamp":"2025-04-14T11:42:30.734Z"}
{"level":"info","message":"Server listening on http://localhost:5000","timestamp":"2025-04-14T11:42:42.289Z"}
{"level":"info","message":"Server listening on http://localhost:5000","timestamp":"2025-04-14T18:50:35.975Z"}
{"level":"info","message":"Server listening on http://localhost:5000","timestamp":"2025-04-14T18:51:06.419Z"}
{"level":"info","message":"Server listening on http://localhost:5000","timestamp":"2025-04-14T18:51:19.171Z"}
{"level":"info","message":"Server listening on http://localhost:5000","timestamp":"2025-04-14T18:51:21.322Z"}
{"level":"info","message":"Server listening on http://localhost:5000","timestamp":"2025-04-14T18:51:23.298Z"}
{"level":"info","message":"Server listening on http://localhost:5000","timestamp":"2025-04-14T18:51:31.723Z"}
{"level":"info","message":"Server listening on http://localhost:5000","timestamp":"2025-04-14T18:51:38.296Z"}
{"level":"info","message":"Server listening on http://localhost:5000","timestamp":"2025-04-14T18:51:46.637Z"}
{"level":"info","message":"Server listening on http://localhost:5000","timestamp":"2025-04-14T18:56:26.279Z"}
{"level":"info","message":"Server listening on http://localhost:5000","timestamp":"2025-04-14T18:56:28.012Z"}
{"level":"info","message":"Server listening on http://localhost:5000","timestamp":"2025-04-14T18:59:49.732Z"}
{"level":"info","message":"Server listening on http://localhost:5000","timestamp":"2025-04-14T19:00:23.424Z"}
{"level":"info","message":"Server listening on http://localhost:5000","timestamp":"2025-04-14T19:00:35.190Z"}
{"level":"info","message":"Server listening on http://localhost:5000","timestamp":"2025-04-14T19:00:47.238Z"}
{"level":"info","message":"Server listening on http://localhost:5000","timestamp":"2025-04-14T19:00:58.772Z"}
{"level":"info","message":"Server listening on http://localhost:5000","timestamp":"2025-04-14T19:01:03.311Z"}
{"level":"info","message":"Server listening on http://localhost:5000","timestamp":"2025-04-14T19:01:28.602Z"}
{"level":"info","message":"Server listening on http://localhost:5000","timestamp":"2025-04-14T19:01:29.516Z"}
{"level":"info","message":"Server listening on http://localhost:5000","timestamp":"2025-04-14T19:02:14.142Z"}
{"level":"info","message":"Server listening on http://localhost:5000","timestamp":"2025-04-14T19:02:43.015Z"}
{"level":"info","message":"Server listening on http://localhost:5000","timestamp":"2025-04-14T19:04:56.357Z"}
{"level":"info","message":"Server listening on http://localhost:5000","timestamp":"2025-04-14T19:07:19.164Z"}
{"level":"info","message":"Server listening on http://localhost:5000","timestamp":"2025-04-14T19:08:11.580Z"}
{"level":"info","message":"Server listening on http://localhost:5000","timestamp":"2025-04-14T19:08:36.487Z"}
{"level":"info","message":"Server listening on http://localhost:5000","timestamp":"2025-04-14T19:10:28.156Z"}
{"level":"info","message":"Server listening on http://localhost:5000","timestamp":"2025-04-14T19:13:31.406Z"}
{"level":"info","message":"Server listening on http://localhost:5000","timestamp":"2025-04-14T19:13:32.912Z"}
{"level":"info","message":"Server listening on http://localhost:5000","timestamp":"2025-04-14T19:13:36.555Z"}
{"level":"info","message":"Server listening on http://localhost:5000","timestamp":"2025-04-14T19:13:38.638Z"}
{"level":"info","message":"Server listening on http://localhost:5000","timestamp":"2025-04-14T19:16:09.289Z"}
{"level":"info","message":"Server listening on http://localhost:5000","timestamp":"2025-04-14T19:16:27.180Z"}
{"level":"info","message":"Server listening on http://localhost:5000","timestamp":"2025-04-14T19:16:44.822Z"}
{"level":"info","message":"Server listening on http://localhost:5000","timestamp":"2025-04-14T19:16:47.711Z"}
{"level":"info","message":"Server listening on http://localhost:5000","timestamp":"2025-04-14T19:23:45.837Z"}
{"level":"info","message":"Server listening on http://localhost:5000","timestamp":"2025-04-14T19:29:53.832Z"}
{"level":"info","message":"Server listening on http://localhost:5000","timestamp":"2025-04-14T19:32:25.099Z"}
{"level":"info","message":"Server listening on http://localhost:5000","timestamp":"2025-04-14T19:34:00.113Z"}
{"level":"info","message":"Server listening on http://localhost:5000","timestamp":"2025-04-14T19:34:01.788Z"}
{"level":"info","message":"Server listening on http://localhost:5000","timestamp":"2025-04-14T19:34:06.509Z"}
{"level":"info","message":"Server listening on http://localhost:5000","timestamp":"2025-04-14T19:34:09.834Z"}
{"level":"info","message":"Server listening on http://localhost:5000","timestamp":"2025-04-14T19:34:13.050Z"}
{"level":"info","message":"Server listening on http://localhost:5000","timestamp":"2025-04-14T19:34:20.032Z"}
{"level":"info","message":"Server listening on http://localhost:5000","timestamp":"2025-04-14T19:34:23.467Z"}
{"level":"info","message":"Server listening on http://localhost:5000","timestamp":"2025-04-14T19:34:30.360Z"}
{"level":"info","message":"","timestamp":"2025-04-14T19:34:30.365Z"}
{"level":"info","message":"Server listening on http://localhost:5000","timestamp":"2025-04-14T19:34:31.839Z"}
{"level":"info","message":"","timestamp":"2025-04-14T19:34:31.846Z"}
{"level":"info","message":"Server listening on http://localhost:5000","timestamp":"2025-04-14T19:34:41.640Z"}
{"level":"info","message":"Server running on ","timestamp":"2025-04-14T19:34:41.645Z"}
{"level":"info","message":"Server listening on http://localhost:5000","timestamp":"2025-04-14T19:34:46.394Z"}
{"level":"info","message":"Server running on 5000","timestamp":"2025-04-14T19:34:46.399Z"}
{"level":"info","message":"Server listening on http://localhost:5000","timestamp":"2025-04-14T19:34:48.956Z"}
{"level":"info","message":"Server running on 5000","timestamp":"2025-04-14T19:34:49.017Z"}
{"level":"info","message":"Server listening on http://localhost:5000","timestamp":"2025-04-14T19:35:19.617Z"}
{"level":"info","message":"Server running on 5000","timestamp":"2025-04-14T19:35:19.622Z"}
{"level":"info","message":"Server listening on http://localhost:5000","timestamp":"2025-04-14T19:36:04.879Z"}
{"level":"info","message":"Server running on 5000","timestamp":"2025-04-14T19:36:04.899Z"}
{"level":"info","message":"Server listening on http://localhost:5000","timestamp":"2025-04-14T19:36:16.323Z"}
{"level":"info","message":"Server running on 5000","timestamp":"2025-04-14T19:36:16.343Z"}
{"level":"info","message":"Server listening on http://localhost:5000","timestamp":"2025-04-14T19:36:23.290Z"}
{"level":"info","message":"Server running on 5000","timestamp":"2025-04-14T19:36:23.295Z"}
{"level":"info","message":"Server listening on http://localhost:5000","timestamp":"2025-04-14T19:37:11.066Z"}
{"level":"info","message":"Server running on 5000","timestamp":"2025-04-14T19:37:11.071Z"}
{"level":"error","message":"TypeError","timestamp":"2025-04-14T19:37:28.326Z"}
{"level":"error","message":"app.set is not a function","timestamp":"2025-04-14T19:37:28.331Z"}
{"level":"error","message":"TypeError: app.set is not a function\n    at startServer (/Users/admin/LEARN_MATHS/backend/src/server.js:32:13)\n    at Object.<anonymous> (/Users/admin/LEARN_MATHS/backend/src/server.js:63:1)\n    at Module._compile (node:internal/modules/cjs/loader:1375:14)\n    at Module._extensions..js (node:internal/modules/cjs/loader:1434:10)\n    at Module.load (node:internal/modules/cjs/loader:1206:32)\n    at Module._load (node:internal/modules/cjs/loader:1022:12)\n    at Function.executeUserEntryPoint [as runMain] (node:internal/modules/run_main:142:12)\n    at node:internal/main/run_main_module:28:49","timestamp":"2025-04-14T19:37:28.331Z"}
{"level":"info","message":"Server listening on http://localhost:5000","timestamp":"2025-04-14T19:37:49.234Z"}
{"level":"info","message":"Server running on 5000","timestamp":"2025-04-14T19:37:49.238Z"}
{"level":"info","message":"Server listening on http://localhost:5000","timestamp":"2025-04-14T19:41:50.688Z"}
{"level":"info","message":"Server running on 5000","timestamp":"2025-04-14T19:41:50.701Z"}
{"level":"info","message":"Server listening on http://localhost:5000","timestamp":"2025-04-14T19:42:16.237Z"}
{"level":"info","message":"Server running on 5000","timestamp":"2025-04-14T19:42:16.241Z"}
{"level":"error","message":"TypeError","timestamp":"2025-04-14T19:43:33.766Z"}
{"level":"error","message":"Cannot read properties of undefined (reading 'set')","timestamp":"2025-04-14T19:43:33.772Z"}
{"level":"error","message":"TypeError: Cannot read properties of undefined (reading 'set')\n    at startServer (/Users/admin/LEARN_MATHS/backend/src/server.js:33:21)\n    at Object.<anonymous> (/Users/admin/LEARN_MATHS/backend/src/server.js:63:1)\n    at Module._compile (node:internal/modules/cjs/loader:1375:14)\n    at Module._extensions..js (node:internal/modules/cjs/loader:1434:10)\n    at Module.load (node:internal/modules/cjs/loader:1206:32)\n    at Module._load (node:internal/modules/cjs/loader:1022:12)\n    at Function.executeUserEntryPoint [as runMain] (node:internal/modules/run_main:142:12)\n    at node:internal/main/run_main_module:28:49","timestamp":"2025-04-14T19:43:33.773Z"}
{"level":"error","message":"TypeError","timestamp":"2025-04-14T19:43:52.047Z"}
{"level":"error","message":"Cannot read properties of undefined (reading 'set')","timestamp":"2025-04-14T19:43:52.052Z"}
{"level":"error","message":"TypeError: Cannot read properties of undefined (reading 'set')\n    at startServer (/Users/admin/LEARN_MATHS/backend/src/server.js:33:21)\n    at Object.<anonymous> (/Users/admin/LEARN_MATHS/backend/src/server.js:63:1)\n    at Module._compile (node:internal/modules/cjs/loader:1375:14)\n    at Module._extensions..js (node:internal/modules/cjs/loader:1434:10)\n    at Module.load (node:internal/modules/cjs/loader:1206:32)\n    at Module._load (node:internal/modules/cjs/loader:1022:12)\n    at Function.executeUserEntryPoint [as runMain] (node:internal/modules/run_main:142:12)\n    at node:internal/main/run_main_module:28:49","timestamp":"2025-04-14T19:43:52.052Z"}
{"level":"error","message":"TypeError","timestamp":"2025-04-14T19:44:26.392Z"}
{"level":"error","message":"Cannot read properties of undefined (reading 'set')","timestamp":"2025-04-14T19:44:26.397Z"}
{"level":"error","message":"TypeError: Cannot read properties of undefined (reading 'set')\n    at startServer (/Users/admin/LEARN_MATHS/backend/src/server.js:33:21)\n    at Object.<anonymous> (/Users/admin/LEARN_MATHS/backend/src/server.js:63:1)\n    at Module._compile (node:internal/modules/cjs/loader:1375:14)\n    at Module._extensions..js (node:internal/modules/cjs/loader:1434:10)\n    at Module.load (node:internal/modules/cjs/loader:1206:32)\n    at Module._load (node:internal/modules/cjs/loader:1022:12)\n    at Function.executeUserEntryPoint [as runMain] (node:internal/modules/run_main:142:12)\n    at node:internal/main/run_main_module:28:49","timestamp":"2025-04-14T19:44:26.397Z"}
{"level":"info","message":"Server listening on http://localhost:5000","timestamp":"2025-04-14T19:46:38.722Z"}
{"level":"info","message":"Server running on 5000","timestamp":"2025-04-14T19:46:38.727Z"}
{"level":"info","message":"Server listening on http://localhost:5000","timestamp":"2025-04-14T19:46:40.492Z"}
{"level":"info","message":"Server running on 5000","timestamp":"2025-04-14T19:46:40.496Z"}
{"level":"info","message":"Server listening on http://localhost:5000","timestamp":"2025-04-14T19:51:42.803Z"}
{"level":"info","message":"Server running on 5000","timestamp":"2025-04-14T19:51:42.809Z"}
{"level":"info","message":"Server listening on http://localhost:5000","timestamp":"2025-04-14T19:56:56.702Z"}
{"level":"info","message":"Server running on 5000","timestamp":"2025-04-14T19:56:56.706Z"}
{"level":"info","message":"Server listening on http://localhost:5000","timestamp":"2025-04-14T19:57:23.253Z"}
{"level":"info","message":"Server running on 5000","timestamp":"2025-04-14T19:57:23.257Z"}
{"level":"info","message":"Server listening on http://localhost:5000","timestamp":"2025-04-14T19:57:27.196Z"}
{"level":"info","message":"Server running on 5000","timestamp":"2025-04-14T19:57:27.201Z"}
{"level":"info","message":"Server listening on http://localhost:5000","timestamp":"2025-04-14T19:57:52.483Z"}
{"level":"info","message":"Server running on 5000","timestamp":"2025-04-14T19:57:52.487Z"}
{"level":"info","message":"Server listening on http://localhost:5000","timestamp":"2025-04-14T20:00:06.205Z"}
{"level":"info","message":"Server running on 5000","timestamp":"2025-04-14T20:00:06.209Z"}
{"level":"info","message":"Server listening on http://localhost:5000","timestamp":"2025-04-14T20:00:24.480Z"}
{"level":"info","message":"Server running on 5000","timestamp":"2025-04-14T20:00:24.498Z"}
{"level":"info","message":"Server listening on http://localhost:5000","timestamp":"2025-04-14T20:01:30.026Z"}
{"level":"info","message":"Server running on 5000","timestamp":"2025-04-14T20:01:30.030Z"}
{"level":"info","message":"Server listening on http://localhost:5000","timestamp":"2025-04-14T20:01:34.530Z"}
{"level":"info","message":"Server running on 5000","timestamp":"2025-04-14T20:01:34.534Z"}
{"level":"info","message":"Server listening on http://localhost:5000","timestamp":"2025-04-14T20:01:43.780Z"}
{"level":"info","message":"Server running on 5000","timestamp":"2025-04-14T20:01:43.784Z"}
{"level":"info","message":"Server listening on http://localhost:5000","timestamp":"2025-04-14T20:01:46.489Z"}
{"level":"info","message":"Server running on 5000","timestamp":"2025-04-14T20:01:46.494Z"}
{"level":"info","message":"Server listening on http://localhost:5000","timestamp":"2025-04-14T20:04:02.314Z"}
{"level":"info","message":"Server running on 5000","timestamp":"2025-04-14T20:04:02.319Z"}
{"level":"info","message":"Server listening on http://localhost:5000","timestamp":"2025-04-14T20:04:45.498Z"}
{"level":"info","message":"Server running on 5000","timestamp":"2025-04-14T20:04:45.502Z"}
{"level":"info","message":"Server listening on http://localhost:5000","timestamp":"2025-04-14T20:07:27.226Z"}
{"level":"info","message":"Server running on 5000","timestamp":"2025-04-14T20:07:27.233Z"}
{"level":"info","message":"Server listening on http://localhost:5000","timestamp":"2025-04-14T20:11:07.977Z"}
{"level":"info","message":"Server running on 5000","timestamp":"2025-04-14T20:11:07.981Z"}
{"level":"info","message":"Server listening on http://localhost:5000","timestamp":"2025-04-14T20:16:15.782Z"}
{"level":"info","message":"Server running on 5000","timestamp":"2025-04-14T20:16:15.786Z"}
{"level":"info","message":"Server listening on http://localhost:5000","timestamp":"2025-04-14T20:16:29.856Z"}
{"level":"info","message":"Server running on 5000","timestamp":"2025-04-14T20:16:29.860Z"}
{"level":"info","message":"Server listening on http://localhost:5000","timestamp":"2025-04-14T20:16:38.911Z"}
{"level":"info","message":"Server running on 5000","timestamp":"2025-04-14T20:16:38.915Z"}
{"level":"info","message":"Server listening on http://localhost:5000","timestamp":"2025-04-14T20:20:17.792Z"}
{"level":"info","message":"Server running on 5000","timestamp":"2025-04-14T20:20:17.797Z"}
{"level":"info","message":"Server listening on http://localhost:5000","timestamp":"2025-04-14T20:20:18.565Z"}
{"level":"info","message":"Server running on 5000","timestamp":"2025-04-14T20:20:18.570Z"}
{"level":"info","message":"Server listening on http://localhost:5000","timestamp":"2025-04-14T20:30:16.697Z"}
{"level":"info","message":"Server running on 5000","timestamp":"2025-04-14T20:30:16.701Z"}
{"level":"info","message":"Server listening on http://localhost:5000","timestamp":"2025-04-15T00:13:25.590Z"}
{"level":"info","message":"Server running on 5000","timestamp":"2025-04-15T00:13:25.593Z"}
{"level":"info","message":"Server listening on http://localhost:5000","timestamp":"2025-04-15T00:21:41.213Z"}
{"level":"info","message":"Server running on 5000","timestamp":"2025-04-15T00:21:41.216Z"}
{"level":"info","message":"Server listening on http://localhost:5000","timestamp":"2025-04-15T00:50:33.884Z"}
{"level":"info","message":"Server running on 5000","timestamp":"2025-04-15T00:50:33.888Z"}
{"level":"info","message":"Server listening on http://localhost:5000","timestamp":"2025-04-15T00:56:51.817Z"}
{"level":"info","message":"Server running on 5000","timestamp":"2025-04-15T00:56:51.821Z"}
{"level":"info","message":"Server listening on http://localhost:5000","timestamp":"2025-04-15T01:19:48.421Z"}
{"level":"info","message":"Server running on 5000","timestamp":"2025-04-15T01:19:48.425Z"}
{"level":"info","message":"Server listening on http://localhost:5000","timestamp":"2025-04-15T01:24:27.414Z"}
{"level":"info","message":"Server running on 5000","timestamp":"2025-04-15T01:24:27.417Z"}
{"level":"info","message":"Swagger is running on http://localhost:5000/docs","timestamp":"2025-04-15T10:42:33.008Z"}
{"level":"info","message":"Server listening on http://localhost:5000","timestamp":"2025-04-15T10:42:33.017Z"}
{"level":"info","message":"Server running on 5000","timestamp":"2025-04-15T10:42:33.018Z"}
